{
  "RSpec": {
    "coverage": {
      "/home/action/workspace/gye3.0/config/environment.rb": [
        null,
        1,
        null,
        null,
        1
      ],
      "/home/action/workspace/gye3.0/config/environments/test.rb": [
        1,
        null,
        null,
        null,
        null,
        null,
        null,
        1,
        null,
        null,
        null,
        null,
        1,
        null,
        null,
        1,
        1,
        null,
        null,
        1,
        1,
        null,
        null,
        1,
        null,
        null,
        1,
        null,
        null,
        null,
        null,
        1,
        null,
        null,
        1,
        null,
        null,
        1,
        null,
        null,
        null,
        null
      ],
      "/home/action/workspace/gye3.0/config/initializers/assets.rb": [
        null,
        null,
        null,
        1,
        null,
        null,
        null,
        null,
        null,
        null,
        null
      ],
      "/home/action/workspace/gye3.0/config/initializers/backtrace_silencers.rb": [
        null,
        null,
        null,
        null,
        null,
        null,
        null
      ],
      "/home/action/workspace/gye3.0/config/initializers/cookies_serializer.rb": [
        null,
        null,
        1
      ],
      "/home/action/workspace/gye3.0/config/initializers/filter_parameter_logging.rb": [
        null,
        null,
        null,
        1
      ],
      "/home/action/workspace/gye3.0/config/initializers/inflections.rb": [
        null,
        null,
        null,
        null,
        null,
        null,
        null,
        null,
        null,
        null,
        null,
        null,
        null,
        null,
        null,
        null
      ],
      "/home/action/workspace/gye3.0/config/initializers/mime_types.rb": [
        null,
        null,
        null,
        null
      ],
      "/home/action/workspace/gye3.0/config/initializers/omniauth.rb": [
        null,
        null,
        1,
        null,
        1,
        1,
        null
      ],
      "/home/action/workspace/gye3.0/config/initializers/session_store.rb": [
        null,
        null,
        1
      ],
      "/home/action/workspace/gye3.0/config/initializers/wrap_parameters.rb": [
        null,
        null,
        null,
        null,
        null,
        null,
        1,
        1,
        null,
        null,
        null,
        null,
        null,
        null
      ],
      "/home/action/workspace/gye3.0/config/routes.rb": [
        1,
        null,
        1,
        null,
        1,
        null,
        1,
        1,
        1,
        1,
        1,
        1,
        null,
        1,
        1,
        1,
        null,
        null,
        1,
        1,
        1,
        1,
        1,
        null,
        null,
        null,
        null,
        null,
        null,
        null,
        null,
        null,
        null,
        null,
        null,
        null,
        null,
        null,
        null,
        null,
        null,
        null,
        null,
        null,
        null,
        null,
        null,
        null,
        null,
        null,
        null,
        null,
        null,
        null,
        null,
        null,
        null,
        null,
        null,
        null,
        null,
        null,
        null,
        null,
        null,
        null,
        null,
        null,
        null,
        null,
        null,
        null,
        null,
        null,
        null,
        null,
        null,
        null,
        null,
        null,
        null,
        null,
        null,
        null,
        null,
        null,
        null,
        null,
        null,
        null,
        null
      ],
      "/home/action/workspace/gye3.0/test/controllers/ngos_controller_test.rb": [
        1,
        null,
        1,
        null,
        null,
        null,
        null
      ],
      "/home/action/workspace/gye3.0/test/controllers/static_pages_controller_test.rb": [
        1,
        null,
        1,
        null,
        null,
        null,
        1,
        null,
        null,
        null,
        null,
        null,
        null,
        null,
        1,
        1,
        1,
        1,
        null,
        null,
        null,
        1,
        1,
        1,
        1,
        null,
        null,
        null,
        1,
        1,
        1,
        1,
        null,
        null,
        null,
        1,
        1,
        1,
        1,
        null,
        null,
        1,
        1,
        1,
        1,
        null,
        null,
        null
      ],
      "/home/action/workspace/gye3.0/test/controllers/volunteers_controller_test.rb": [
        1,
        null,
        1,
        1,
        1,
        1,
        null,
        null,
        null
      ],
      "/home/action/workspace/gye3.0/test/integration/site_layout_test.rb": [
        1,
        null,
        1,
        null,
        1,
        1,
        1,
        null,
        null,
        1,
        1,
        1,
        1,
        1,
        null,
        1,
        1,
        null,
        null,
        null
      ],
      "/home/action/workspace/gye3.0/test/integration/site_login_test.rb": [
        1,
        null,
        1,
        null,
        1,
        null,
        2,
        null,
        null,
        1,
        1,
        1,
        null,
        null,
        null,
        1,
        null,
        null,
        1,
        null,
        0,
        null,
        null,
        0,
        null,
        null,
        null,
        0,
        0,
        0,
        null,
        null,
        null,
        0,
        0,
        null,
        null,
        0,
        0,
        null,
        null,
        null,
        0,
        0,
        0,
        null,
        null,
        1,
        1,
        1,
        null,
        null,
        1,
        null,
        null,
        null,
        1,
        1,
        null,
        null,
        null,
        1,
        1,
        null,
        null
      ],
      "/home/action/workspace/gye3.0/test/integration/user_sign_up_test.rb": [
        1,
        null,
        1,
        null,
        null,
        null,
        1,
        null,
        null,
        1,
        null,
        null,
        1,
        null,
        null,
        1,
        null,
        null,
        null,
        null,
        null,
        null,
        null,
        null,
        null,
        null,
        1,
        null,
        1,
        1,
        null,
        null,
        null,
        null,
        null,
        null,
        1,
        null,
        null,
        1,
        null,
        null,
        1,
        null,
        null,
        1,
        null,
        null,
        null,
        null,
        null,
        null,
        null,
        null,
        null,
        null,
        1,
        null,
        0,
        null,
        null,
        0,
        null,
        null,
        null
      ],
      "/home/action/workspace/gye3.0/test/models/event_tag_test.rb": [
        1,
        null,
        1,
        null,
        null,
        null,
        null
      ],
      "/home/action/workspace/gye3.0/test/models/event_test.rb": [
        1,
        null,
        1,
        null,
        null,
        null,
        null
      ],
      "/home/action/workspace/gye3.0/test/models/event_volunteer_test.rb": [
        1,
        null,
        1,
        null,
        null,
        null,
        null
      ],
      "/home/action/workspace/gye3.0/test/models/ngo_test.rb": [
        1,
        null,
        1,
        null,
        null,
        null,
        null
      ],
      "/home/action/workspace/gye3.0/test/models/tag_test.rb": [
        1,
        null,
        1,
        null,
        null,
        null,
        null
      ],
      "/home/action/workspace/gye3.0/test/models/volunteer_test.rb": [
        1,
        null,
        1,
        null,
        1,
        null,
        13,
        null,
        null,
        null,
        null,
        null,
        null,
        null,
        null,
        null,
        null,
        1,
        1,
        null,
        null,
        null,
        null,
        1,
        1,
        1,
        null,
        null,
        1,
        1,
        1,
        null,
        null,
        1,
        1,
        1,
        null,
        null,
        1,
        1,
        1,
        null,
        null,
        1,
        1,
        1,
        null,
        null,
        null,
        null,
        1,
        1,
        null,
        null,
        1,
        1,
        null,
        null,
        1,
        1,
        null,
        null,
        null,
        null,
        null,
        1,
        1,
        1,
        1,
        1,
        null,
        null,
        1,
        1,
        1,
        1,
        1,
        null,
        null,
        null,
        null,
        null,
        1,
        1,
        null,
        1,
        null,
        null,
        1,
        1,
        null,
        1,
        null,
        null,
        null,
        null
      ],
      "/home/action/workspace/gye3.0/app/models/event.rb": [
        1,
        1,
        1,
        1,
        1,
        1,
        null
      ],
      "/home/action/workspace/gye3.0/app/models/ngo.rb": [
        1,
        1,
        null,
        null,
        1,
        null,
        1,
        null,
        null,
        null,
        1,
        null,
        null,
        null,
        null,
        null
      ],
      "/home/action/workspace/gye3.0/app/models/event_tag.rb": [
        1,
        1,
        1,
        null
      ],
      "/home/action/workspace/gye3.0/app/models/event_volunteer.rb": [
        1,
        1,
        1,
        null
      ],
      "/home/action/workspace/gye3.0/app/models/tag.rb": [
        1,
        1,
        1,
        null
      ],
      "/home/action/workspace/gye3.0/app/models/volunteer.rb": [
        1,
        1,
        null,
        null,
        4,
        null,
        1,
        null,
        null,
        null,
        1,
        null,
        null,
        null,
        1,
        null,
        null,
        null,
        null,
        null,
        1,
        null,
        null,
        1,
        null,
        null,
        null,
        1,
        null,
        1,
        null,
        null,
        null,
        null,
        1,
        1,
        null,
        null,
        1,
        null,
        null,
        null
      ],
      "/home/action/workspace/gye3.0/app/controllers/static_pages_controller.rb": [
        1,
        1,
        null,
        null,
        1,
        null,
        null,
        1,
        null,
        null,
        1,
        null,
        null,
        1,
        null,
        null
      ],
      "/home/action/workspace/gye3.0/app/controllers/application_controller.rb": [
        1,
        null,
        null,
        1,
        null,
        null,
        1,
        null
      ],
      "/home/action/workspace/gye3.0/app/helpers/application_helper.rb": [
        1,
        null,
        null,
        1,
        15,
        15,
        3,
        null,
        12,
        null,
        null,
        null,
        null
      ],
      "/home/action/workspace/gye3.0/app/helpers/events_helper.rb": [
        1,
        null
      ],
      "/home/action/workspace/gye3.0/app/helpers/ngos_helper.rb": [
        1,
        null
      ],
      "/home/action/workspace/gye3.0/app/helpers/sessions_helper.rb": [
        1,
        null,
        null,
        1,
        2,
        null,
        null,
        null,
        1,
        0,
        0,
        null,
        null,
        null,
        1,
        15,
        null,
        null,
        null,
        null,
        1,
        15,
        null,
        null,
        null
      ],
      "/home/action/workspace/gye3.0/app/helpers/static_pages_helper.rb": [
        1,
        null
      ],
      "/home/action/workspace/gye3.0/app/helpers/volunteers_helper.rb": [
        1,
        null,
        1,
        0,
        0,
        0,
        0,
        0,
        null,
        null,
        null
      ],
      "/home/action/workspace/gye3.0/app/controllers/volunteers_controller.rb": [
        1,
        null,
        1,
        0,
        null,
        null,
        1,
        4,
        null,
        null,
        1,
        2,
        2,
        1,
        1,
        1,
        null,
        1,
        null,
        null,
        null,
        null,
        1,
        null,
        1,
        2,
        null,
        null,
        null,
        null,
        null
      ],
      "/home/action/workspace/gye3.0/app/controllers/sessions_controller.rb": [
        1,
        null,
        1,
        null,
        null,
        null,
        1,
        null,
        2,
        2,
        null,
        1,
        1,
        null,
        null,
        null,
        1,
        1,
        null,
        null,
        null,
        1,
        0,
        null,
        0,
        null,
        0,
        null,
        null,
        null,
        null
      ]
    },
    "timestamp": 1425990291
  },
  "Unit Tests": {
    "coverage": {
      "/home/action/workspace/gye3.0/config/environment.rb": [
        null,
        1,
        null,
        null,
        1
      ],
      "/home/action/workspace/gye3.0/config/environments/test.rb": [
        1,
        null,
        null,
        null,
        null,
        null,
        null,
        1,
        null,
        null,
        null,
        null,
        1,
        null,
        null,
        1,
        1,
        null,
        null,
        1,
        1,
        null,
        null,
        1,
        null,
        null,
        1,
        null,
        null,
        null,
        null,
        1,
        null,
        null,
        1,
        null,
        null,
        1,
        null,
        null,
        null,
        null
      ],
      "/home/action/workspace/gye3.0/config/initializers/assets.rb": [
        null,
        null,
        null,
        1,
        null,
        null,
        null,
        null,
        null,
        null,
        null
      ],
      "/home/action/workspace/gye3.0/config/initializers/backtrace_silencers.rb": [
        null,
        null,
        null,
        null,
        null,
        null,
        null
      ],
      "/home/action/workspace/gye3.0/config/initializers/cookies_serializer.rb": [
        null,
        null,
        1
      ],
      "/home/action/workspace/gye3.0/config/initializers/filter_parameter_logging.rb": [
        null,
        null,
        null,
        1
      ],
      "/home/action/workspace/gye3.0/config/initializers/inflections.rb": [
        null,
        null,
        null,
        null,
        null,
        null,
        null,
        null,
        null,
        null,
        null,
        null,
        null,
        null,
        null,
        null
      ],
      "/home/action/workspace/gye3.0/config/initializers/mime_types.rb": [
        null,
        null,
        null,
        null
      ],
      "/home/action/workspace/gye3.0/config/initializers/omniauth.rb": [
        null,
        null,
        1,
        null,
        1,
        1,
        null
      ],
      "/home/action/workspace/gye3.0/config/initializers/session_store.rb": [
        null,
        null,
        1
      ],
      "/home/action/workspace/gye3.0/config/initializers/wrap_parameters.rb": [
        null,
        null,
        null,
        null,
        null,
        null,
        1,
        0,
        null,
        null,
        null,
        null,
        null,
        null
      ],
      "/home/action/workspace/gye3.0/config/routes.rb": [
        1,
        null,
        1,
        null,
        1,
        null,
        1,
        1,
        1,
        1,
        1,
        1,
        null,
        1,
        1,
        1,
        null,
        null,
        1,
        1,
        1,
        1,
        1,
        null,
        null,
        null,
        null,
        null,
        null,
        null,
        null,
        null,
        null,
        null,
        null,
        null,
        null,
        null,
        null,
        null,
        null,
        null,
        null,
        null,
        null,
        null,
        null,
        null,
        null,
        null,
        null,
        null,
        null,
        null,
        null,
        null,
        null,
        null,
        null,
        null,
        null,
        null,
        null,
        null,
        null,
        null,
        null,
        null,
        null,
        null,
        null,
        null,
        null,
        null,
        null,
        null,
        null,
        null,
        null,
        null,
        null,
        null,
        null,
        null,
        null,
        null,
        null,
        null,
        null,
        null,
        null
      ],
      "/home/action/workspace/gye3.0/test/controllers/ngos_controller_test.rb": [
        1,
        null,
        1,
        null,
        null,
        null,
        null
      ],
      "/home/action/workspace/gye3.0/test/controllers/static_pages_controller_test.rb": [
        1,
        null,
        1,
        null,
        null,
        null,
        1,
        null,
        null,
        null,
        null,
        null,
        null,
        null,
        1,
        0,
        0,
        0,
        null,
        null,
        null,
        1,
        0,
        0,
        0,
        null,
        null,
        null,
        1,
        0,
        0,
        0,
        null,
        null,
        null,
        1,
        0,
        0,
        0,
        null,
        null,
        1,
        0,
        0,
        0,
        null,
        null,
        null
      ],
      "/home/action/workspace/gye3.0/test/controllers/volunteers_controller_test.rb": [
        1,
        null,
        1,
        1,
        0,
        0,
        null,
        null,
        null
      ],
      "/home/action/workspace/gye3.0/test/integration/site_layout_test.rb": [
        1,
        null,
        1,
        null,
        1,
        0,
        0,
        null,
        null,
        0,
        0,
        0,
        0,
        0,
        null,
        0,
        0,
        null,
        null,
        null
      ],
      "/home/action/workspace/gye3.0/test/integration/site_login_test.rb": [
        1,
        null,
        1,
        null,
        1,
        null,
        0,
        null,
        null,
        1,
        0,
        0,
        null,
        null,
        null,
        0,
        null,
        null,
        0,
        null,
        0,
        null,
        null,
        0,
        null,
        null,
        null,
        0,
        0,
        0,
        null,
        null,
        null,
        0,
        0,
        null,
        null,
        0,
        0,
        null,
        null,
        null,
        0,
        0,
        0,
        null,
        null,
        1,
        0,
        0,
        null,
        null,
        0,
        null,
        null,
        null,
        0,
        0,
        null,
        null,
        null,
        0,
        0,
        null,
        null
      ],
      "/home/action/workspace/gye3.0/test/integration/user_sign_up_test.rb": [
        1,
        null,
        1,
        null,
        null,
        null,
        1,
        null,
        null,
        0,
        null,
        null,
        0,
        null,
        null,
        0,
        null,
        null,
        null,
        null,
        null,
        null,
        null,
        null,
        null,
        null,
        0,
        null,
        0,
        0,
        null,
        null,
        null,
        null,
        null,
        null,
        1,
        null,
        null,
        0,
        null,
        null,
        0,
        null,
        null,
        0,
        null,
        null,
        null,
        null,
        null,
        null,
        null,
        null,
        null,
        null,
        0,
        null,
        0,
        null,
        null,
        0,
        null,
        null,
        null
      ],
      "/home/action/workspace/gye3.0/test/models/event_tag_test.rb": [
        1,
        null,
        1,
        null,
        null,
        null,
        null
      ],
      "/home/action/workspace/gye3.0/test/models/event_test.rb": [
        1,
        null,
        1,
        null,
        null,
        null,
        null
      ],
      "/home/action/workspace/gye3.0/test/models/event_volunteer_test.rb": [
        1,
        null,
        1,
        null,
        null,
        null,
        null
      ],
      "/home/action/workspace/gye3.0/test/models/ngo_test.rb": [
        1,
        null,
        1,
        null,
        null,
        null,
        null
      ],
      "/home/action/workspace/gye3.0/test/models/tag_test.rb": [
        1,
        null,
        1,
        null,
        null,
        null,
        null
      ],
      "/home/action/workspace/gye3.0/test/models/volunteer_test.rb": [
        1,
        null,
        1,
        null,
        1,
        null,
        0,
        null,
        null,
        null,
        null,
        null,
        null,
        null,
        null,
        null,
        null,
        1,
        0,
        null,
        null,
        null,
        null,
        1,
        0,
        0,
        null,
        null,
        1,
        0,
        0,
        null,
        null,
        1,
        0,
        0,
        null,
        null,
        1,
        0,
        0,
        null,
        null,
        1,
        0,
        0,
        null,
        null,
        null,
        null,
        1,
        0,
        null,
        null,
        1,
        0,
        null,
        null,
        1,
        0,
        null,
        null,
        null,
        null,
        null,
        1,
        0,
        0,
        0,
        0,
        null,
        null,
        1,
        0,
        0,
        0,
        0,
        null,
        null,
        null,
        null,
        null,
        1,
        0,
        null,
        0,
        null,
        null,
        1,
        0,
        null,
        0,
        null,
        null,
        null,
        null
      ]
    },
    "timestamp": 1425990176
  }
}
